#! /c/Source/iverilog-install/bin/vvp
:ivl_version "12.0 (devel)" "(s20150603-1539-g2693dd32b)";
:ivl_delay_selection "TYPICAL";
:vpi_time_precision + 0;
:vpi_module "C:\iverilog\lib\ivl\system.vpi";
:vpi_module "C:\iverilog\lib\ivl\vhdl_sys.vpi";
:vpi_module "C:\iverilog\lib\ivl\vhdl_textio.vpi";
:vpi_module "C:\iverilog\lib\ivl\v2005_math.vpi";
:vpi_module "C:\iverilog\lib\ivl\va_math.vpi";
S_000002887bfd9d90 .scope module, "muxtest" "muxtest" 2 49;
 .timescale 0 0;
v000002887be35690_0 .var "in", 3 0;
v000002887be35730_0 .net "out", 0 0, L_000002887bfdbaa0;  1 drivers
v000002887be357d0_0 .var "sel", 1 0;
S_000002887be35460 .scope module, "m" "mux" 2 54, 3 66 0, S_000002887bfd9d90;
 .timescale 0 0;
    .port_info 0 /INPUT 4 "in";
    .port_info 1 /INPUT 2 "sel";
    .port_info 2 /OUTPUT 1 "out";
v000002887bfd9f20_0 .net "in", 3 0, v000002887be35690_0;  1 drivers
v000002887bfd68c0_0 .net "out", 0 0, L_000002887bfdbaa0;  alias, 1 drivers
v000002887be355f0_0 .net "sel", 1 0, v000002887be357d0_0;  1 drivers
L_000002887bfdbaa0 .part/v v000002887be35690_0, v000002887be357d0_0, 1;
    .scope S_000002887bfd9d90;
T_0 ;
    %pushi/vec4 0, 0, 4;
    %store/vec4 v000002887be35690_0, 0, 4;
    %pushi/vec4 0, 0, 2;
    %store/vec4 v000002887be357d0_0, 0, 2;
    %end;
    .thread T_0;
    .scope S_000002887bfd9d90;
T_1 ;
    %delay 10, 0;
    %pushi/vec4 8, 0, 4;
    %store/vec4 v000002887be35690_0, 0, 4;
    %pushi/vec4 3, 0, 2;
    %store/vec4 v000002887be357d0_0, 0, 2;
    %delay 10, 0;
    %pushi/vec4 8, 0, 4;
    %store/vec4 v000002887be35690_0, 0, 4;
    %pushi/vec4 1, 0, 2;
    %store/vec4 v000002887be357d0_0, 0, 2;
    %delay 10, 0;
    %pushi/vec4 9, 0, 4;
    %store/vec4 v000002887be35690_0, 0, 4;
    %pushi/vec4 0, 0, 2;
    %store/vec4 v000002887be357d0_0, 0, 2;
    %end;
    .thread T_1;
    .scope S_000002887bfd9d90;
T_2 ;
    %vpi_call 2 68 "$monitor", $time, " ", "in=%b sel=%b out=%b", v000002887be35690_0, v000002887be357d0_0, v000002887be35730_0 {0 0 0};
    %delay 40, 0;
    %vpi_call 2 69 "$finish" {0 0 0};
    %end;
    .thread T_2;
# The file index is used to find the file name in the following table.
:file_names 4;
    "N/A";
    "<interactive>";
    "mux_tb.v";
    "mux.v";
