#! /c/iverilog/bin/vvp
:ivl_version "0.9.7 " "(v0_9_7)";
:vpi_time_precision + 0;
:vpi_module "system";
:vpi_module "v2005_math";
:vpi_module "va_math";
S_01158590 .scope module, "test_mips32" "test_mips32" 2 1;
 .timescale 0 0;
v01060590_0 .var "clk1", 0 0;
v010607A0_0 .var "clk2", 0 0;
v01060748_0 .var/i "k", 31 0;
S_011586A0 .scope module, "mips" "pipe_MIPS32" 2 4, 3 5, S_01158590;
 .timescale 0 0;
P_011515B4 .param/l "ADD" 3 19, C4<000000>;
P_011515C8 .param/l "ADDI" 3 20, C4<001010>;
P_011515DC .param/l "AND" 3 19, C4<000010>;
P_011515F0 .param/l "BEQZ" 3 20, C4<001110>;
P_01151604 .param/l "BNEQZ" 3 20, C4<001101>;
P_01151618 .param/l "BRANCH" 3 23, C4<100>;
P_0115162C .param/l "HALT" 3 23, C4<101>;
P_01151640 .param/l "HLT" 3 19, C4<111111>;
P_01151654 .param/l "LOAD" 3 22, C4<010>;
P_01151668 .param/l "LW" 3 20, C4<001000>;
P_0115167C .param/l "MUL" 3 19, C4<000101>;
P_01151690 .param/l "OR" 3 19, C4<000011>;
P_011516A4 .param/l "RM_ALU" 3 22, C4<001>;
P_011516B8 .param/l "RR_ALU" 3 22, C4<000>;
P_011516CC .param/l "SLT" 3 19, C4<000100>;
P_011516E0 .param/l "SLTI" 3 20, C4<001100>;
P_011516F4 .param/l "STORE" 3 23, C4<011>;
P_01151708 .param/l "SUB" 3 19, C4<000001>;
P_0115171C .param/l "SUBI" 3 20, C4<001011>;
P_01151730 .param/l "SW" 3 20, C4<001001>;
v0106DF90_0 .var "EX_MEM_ALUOut", 31 0;
v01053108_0 .var "EX_MEM_B", 31 0;
v01055580_0 .var "EX_MEM_IR", 31 0;
v01154778_0 .var "EX_MEM_cond", 0 0;
v0115AA48_0 .var "EX_MEM_type", 2 0;
v010572B8_0 .var "HALTED", 0 0;
v01057310_0 .var "ID_EX_A", 31 0;
v01057368_0 .var "ID_EX_B", 31 0;
v01068038_0 .var "ID_EX_IR", 31 0;
v01068090_0 .var "ID_EX_Imm", 31 0;
v010680E8_0 .var "ID_EX_NPC", 31 0;
v01061C88_0 .var "ID_EX_type", 2 0;
v01061CE0_0 .var "IF_ID_IR", 31 0;
v01061D38_0 .var "IF_ID_NPC", 31 0;
v01061D90_0 .var "MEM_WB_ALUOut", 31 0;
v010574C8_0 .var "MEM_WB_IR", 31 0;
v01057520_0 .var "MEM_WB_LMD", 31 0;
v010603D8_0 .var "MEM_WB_type", 2 0;
v01060538 .array "Mem", 1023 0, 31 0;
v01060488_0 .var "PC", 31 0;
v010608A8 .array "Reg", 31 0, 31 0;
v010604E0_0 .var "TAKEN_BRANCH", 0 0;
v01060328_0 .net "clk1", 0 0, v01060590_0; 1 drivers
v01060900_0 .net "clk2", 0 0, v010607A0_0; 1 drivers
E_01058720 .event posedge, v01060328_0;
E_010588E0 .event posedge, v01060900_0;
    .scope S_011586A0;
T_0 ;
    %wait E_01058720;
    %load/v 8, v010572B8_0, 1;
    %mov 9, 0, 1;
    %cmpi/u 8, 0, 2;
    %jmp/0xz  T_0.0, 4;
    %ix/load 1, 26, 0;
    %mov 4, 0, 1;
    %jmp/1 T_0.2, 4;
    %load/x1p 15, v01055580_0, 6;
    %jmp T_0.3;
T_0.2 ;
    %mov 15, 2, 6;
T_0.3 ;
    %mov 8, 15, 6; Move signal select into place
    %mov 14, 0, 1;
    %cmpi/u 8, 14, 7;
    %mov 8, 4, 1;
    %load/v 9, v01154778_0, 1;
    %mov 10, 0, 2;
    %cmpi/u 9, 1, 3;
    %mov 9, 4, 1;
    %and 8, 9, 1;
    %ix/load 1, 26, 0;
    %mov 4, 0, 1;
    %jmp/1 T_0.4, 4;
    %load/x1p 16, v01055580_0, 6;
    %jmp T_0.5;
T_0.4 ;
    %mov 16, 2, 6;
T_0.5 ;
    %mov 9, 16, 6; Move signal select into place
    %mov 15, 0, 1;
    %cmpi/u 9, 13, 7;
    %mov 9, 4, 1;
    %load/v 10, v01154778_0, 1;
    %mov 11, 0, 1;
    %cmpi/u 10, 0, 2;
    %mov 10, 4, 1;
    %and 9, 10, 1;
    %or 8, 9, 1;
    %jmp/0xz  T_0.6, 8;
    %ix/getv 3, v0106DF90_0;
    %load/av 8, v01060538, 32;
    %ix/load 0, 32, 0;
    %assign/v0 v01061CE0_0, 2, 8;
    %ix/load 0, 1, 0;
    %assign/v0 v010604E0_0, 2, 1;
    %load/v 8, v0106DF90_0, 32;
    %mov 40, 0, 1;
    %addi 8, 1, 33;
    %ix/load 0, 32, 0;
    %assign/v0 v01061D38_0, 2, 8;
    %load/v 8, v0106DF90_0, 32;
    %mov 40, 0, 1;
    %addi 8, 1, 33;
    %ix/load 0, 32, 0;
    %assign/v0 v01060488_0, 2, 8;
    %jmp T_0.7;
T_0.6 ;
    %ix/getv 3, v01060488_0;
    %load/av 8, v01060538, 32;
    %ix/load 0, 32, 0;
    %assign/v0 v01061CE0_0, 2, 8;
    %load/v 8, v01060488_0, 32;
    %mov 40, 0, 1;
    %addi 8, 1, 33;
    %ix/load 0, 32, 0;
    %assign/v0 v01061D38_0, 2, 8;
    %load/v 8, v01060488_0, 32;
    %mov 40, 0, 1;
    %addi 8, 1, 33;
    %ix/load 0, 32, 0;
    %assign/v0 v01060488_0, 2, 8;
T_0.7 ;
T_0.0 ;
    %jmp T_0;
    .thread T_0;
    .scope S_011586A0;
T_1 ;
    %wait E_010588E0;
    %load/v 8, v010572B8_0, 1;
    %mov 9, 0, 1;
    %cmpi/u 8, 0, 2;
    %jmp/0xz  T_1.0, 4;
    %ix/load 1, 21, 0;
    %mov 4, 0, 1;
    %jmp/1 T_1.2, 4;
    %load/x1p 8, v01061CE0_0, 5;
    %jmp T_1.3;
T_1.2 ;
    %mov 8, 2, 5;
T_1.3 ;
; Save base=8 wid=5 in lookaside.
    %cmpi/u 8, 0, 5;
    %jmp/0xz  T_1.4, 4;
    %ix/load 0, 32, 0;
    %assign/v0 v01057310_0, 0, 0;
    %jmp T_1.5;
T_1.4 ;
    %ix/load 1, 21, 0;
    %mov 4, 0, 1;
    %jmp/1 T_1.6, 4;
    %load/x1p 40, v01061CE0_0, 5;
    %jmp T_1.7;
T_1.6 ;
    %mov 40, 2, 5;
T_1.7 ;
; Save base=40 wid=5 in lookaside.
    %ix/get 3, 40, 5;
    %load/av 8, v010608A8, 32;
    %ix/load 0, 32, 0;
    %assign/v0 v01057310_0, 2, 8;
T_1.5 ;
    %ix/load 1, 16, 0;
    %mov 4, 0, 1;
    %jmp/1 T_1.8, 4;
    %load/x1p 8, v01061CE0_0, 5;
    %jmp T_1.9;
T_1.8 ;
    %mov 8, 2, 5;
T_1.9 ;
; Save base=8 wid=5 in lookaside.
    %cmpi/u 8, 0, 5;
    %jmp/0xz  T_1.10, 4;
    %ix/load 0, 32, 0;
    %assign/v0 v01057368_0, 0, 0;
    %jmp T_1.11;
T_1.10 ;
    %ix/load 1, 16, 0;
    %mov 4, 0, 1;
    %jmp/1 T_1.12, 4;
    %load/x1p 40, v01061CE0_0, 5;
    %jmp T_1.13;
T_1.12 ;
    %mov 40, 2, 5;
T_1.13 ;
; Save base=40 wid=5 in lookaside.
    %ix/get 3, 40, 5;
    %load/av 8, v010608A8, 32;
    %ix/load 0, 32, 0;
    %assign/v0 v01057368_0, 2, 8;
T_1.11 ;
    %load/v 8, v01061D38_0, 32;
    %ix/load 0, 32, 0;
    %assign/v0 v010680E8_0, 2, 8;
    %load/v 8, v01061CE0_0, 32;
    %ix/load 0, 32, 0;
    %assign/v0 v01068038_0, 2, 8;
    %load/v 40, v01061CE0_0, 16; Select 16 out of 32 bits
    %mov 8, 40, 16;
    %ix/load 1, 15, 0;
    %mov 4, 0, 1;
    %jmp/1 T_1.14, 4;
    %load/x1p 56, v01061CE0_0, 1;
    %jmp T_1.15;
T_1.14 ;
    %mov 56, 2, 1;
T_1.15 ;
    %mov 40, 56, 1; Move signal select into place
    %mov 55, 40, 1; Repetition 16
    %mov 54, 40, 1; Repetition 15
    %mov 53, 40, 1; Repetition 14
    %mov 52, 40, 1; Repetition 13
    %mov 51, 40, 1; Repetition 12
    %mov 50, 40, 1; Repetition 11
    %mov 49, 40, 1; Repetition 10
    %mov 48, 40, 1; Repetition 9
    %mov 47, 40, 1; Repetition 8
    %mov 46, 40, 1; Repetition 7
    %mov 45, 40, 1; Repetition 6
    %mov 44, 40, 1; Repetition 5
    %mov 43, 40, 1; Repetition 4
    %mov 42, 40, 1; Repetition 3
    %mov 41, 40, 1; Repetition 2
    %mov 24, 40, 16;
    %ix/load 0, 32, 0;
    %assign/v0 v01068090_0, 2, 8;
T_1.0 ;
    %ix/load 1, 26, 0;
    %mov 4, 0, 1;
    %jmp/1 T_1.16, 4;
    %load/x1p 8, v01061CE0_0, 6;
    %jmp T_1.17;
T_1.16 ;
    %mov 8, 2, 6;
T_1.17 ;
; Save base=8 wid=6 in lookaside.
    %cmpi/u 8, 0, 6;
    %jmp/1 T_1.18, 6;
    %cmpi/u 8, 1, 6;
    %jmp/1 T_1.19, 6;
    %cmpi/u 8, 2, 6;
    %jmp/1 T_1.20, 6;
    %cmpi/u 8, 3, 6;
    %jmp/1 T_1.21, 6;
    %cmpi/u 8, 4, 6;
    %jmp/1 T_1.22, 6;
    %cmpi/u 8, 5, 6;
    %jmp/1 T_1.23, 6;
    %cmpi/u 8, 10, 6;
    %jmp/1 T_1.24, 6;
    %cmpi/u 8, 11, 6;
    %jmp/1 T_1.25, 6;
    %cmpi/u 8, 12, 6;
    %jmp/1 T_1.26, 6;
    %cmpi/u 8, 8, 6;
    %jmp/1 T_1.27, 6;
    %cmpi/u 8, 9, 6;
    %jmp/1 T_1.28, 6;
    %cmpi/u 8, 13, 6;
    %jmp/1 T_1.29, 6;
    %cmpi/u 8, 14, 6;
    %jmp/1 T_1.30, 6;
    %cmpi/u 8, 63, 6;
    %jmp/1 T_1.31, 6;
    %movi 8, 5, 3;
    %ix/load 0, 3, 0;
    %assign/v0 v01061C88_0, 2, 8;
    %jmp T_1.33;
T_1.18 ;
    %ix/load 0, 3, 0;
    %assign/v0 v01061C88_0, 2, 0;
    %jmp T_1.33;
T_1.19 ;
    %ix/load 0, 3, 0;
    %assign/v0 v01061C88_0, 2, 0;
    %jmp T_1.33;
T_1.20 ;
    %ix/load 0, 3, 0;
    %assign/v0 v01061C88_0, 2, 0;
    %jmp T_1.33;
T_1.21 ;
    %ix/load 0, 3, 0;
    %assign/v0 v01061C88_0, 2, 0;
    %jmp T_1.33;
T_1.22 ;
    %ix/load 0, 3, 0;
    %assign/v0 v01061C88_0, 2, 0;
    %jmp T_1.33;
T_1.23 ;
    %ix/load 0, 3, 0;
    %assign/v0 v01061C88_0, 2, 0;
    %jmp T_1.33;
T_1.24 ;
    %movi 8, 1, 3;
    %ix/load 0, 3, 0;
    %assign/v0 v01061C88_0, 2, 8;
    %jmp T_1.33;
T_1.25 ;
    %movi 8, 1, 3;
    %ix/load 0, 3, 0;
    %assign/v0 v01061C88_0, 2, 8;
    %jmp T_1.33;
T_1.26 ;
    %movi 8, 1, 3;
    %ix/load 0, 3, 0;
    %assign/v0 v01061C88_0, 2, 8;
    %jmp T_1.33;
T_1.27 ;
    %movi 8, 2, 3;
    %ix/load 0, 3, 0;
    %assign/v0 v01061C88_0, 2, 8;
    %jmp T_1.33;
T_1.28 ;
    %movi 8, 3, 3;
    %ix/load 0, 3, 0;
    %assign/v0 v01061C88_0, 2, 8;
    %jmp T_1.33;
T_1.29 ;
    %movi 8, 4, 3;
    %ix/load 0, 3, 0;
    %assign/v0 v01061C88_0, 2, 8;
    %jmp T_1.33;
T_1.30 ;
    %movi 8, 4, 3;
    %ix/load 0, 3, 0;
    %assign/v0 v01061C88_0, 2, 8;
    %jmp T_1.33;
T_1.31 ;
    %movi 8, 5, 3;
    %ix/load 0, 3, 0;
    %assign/v0 v01061C88_0, 2, 8;
    %jmp T_1.33;
T_1.33 ;
    %jmp T_1;
    .thread T_1;
    .scope S_011586A0;
T_2 ;
    %wait E_01058720;
    %load/v 8, v010572B8_0, 1;
    %mov 9, 0, 1;
    %cmpi/u 8, 0, 2;
    %jmp/0xz  T_2.0, 4;
    %load/v 8, v01061C88_0, 3;
    %ix/load 0, 3, 0;
    %assign/v0 v0115AA48_0, 2, 8;
    %load/v 8, v01068038_0, 32;
    %ix/load 0, 32, 0;
    %assign/v0 v01055580_0, 2, 8;
    %ix/load 0, 1, 0;
    %assign/v0 v010604E0_0, 2, 0;
    %load/v 8, v01061C88_0, 3;
    %cmpi/u 8, 0, 3;
    %jmp/1 T_2.2, 6;
    %cmpi/u 8, 1, 3;
    %jmp/1 T_2.3, 6;
    %cmpi/u 8, 2, 3;
    %jmp/1 T_2.4, 6;
    %cmpi/u 8, 3, 3;
    %jmp/1 T_2.5, 6;
    %cmpi/u 8, 4, 3;
    %jmp/1 T_2.6, 6;
    %jmp T_2.7;
T_2.2 ;
    %ix/load 1, 26, 0;
    %mov 4, 0, 1;
    %jmp/1 T_2.8, 4;
    %load/x1p 8, v01068038_0, 6;
    %jmp T_2.9;
T_2.8 ;
    %mov 8, 2, 6;
T_2.9 ;
; Save base=8 wid=6 in lookaside.
    %cmpi/u 8, 0, 6;
    %jmp/1 T_2.10, 6;
    %cmpi/u 8, 1, 6;
    %jmp/1 T_2.11, 6;
    %cmpi/u 8, 2, 6;
    %jmp/1 T_2.12, 6;
    %cmpi/u 8, 3, 6;
    %jmp/1 T_2.13, 6;
    %ix/load 0, 32, 0;
    %assign/v0 v0106DF90_0, 2, 2;
    %jmp T_2.15;
T_2.10 ;
    %load/v 8, v01057310_0, 32;
    %load/v 40, v01057368_0, 32;
    %add 8, 40, 32;
    %ix/load 0, 32, 0;
    %assign/v0 v0106DF90_0, 2, 8;
    %jmp T_2.15;
T_2.11 ;
    %load/v 8, v01057310_0, 32;
    %load/v 40, v01057368_0, 32;
    %sub 8, 40, 32;
    %ix/load 0, 32, 0;
    %assign/v0 v0106DF90_0, 2, 8;
    %jmp T_2.15;
T_2.12 ;
    %load/v 8, v01057310_0, 32;
    %load/v 40, v01057368_0, 32;
    %and 8, 40, 32;
    %ix/load 0, 32, 0;
    %assign/v0 v0106DF90_0, 2, 8;
    %jmp T_2.15;
T_2.13 ;
    %load/v 8, v01057310_0, 32;
    %load/v 40, v01057368_0, 32;
    %or 8, 40, 32;
    %ix/load 0, 32, 0;
    %assign/v0 v0106DF90_0, 2, 8;
    %jmp T_2.15;
T_2.15 ;
    %jmp T_2.7;
T_2.3 ;
    %ix/load 1, 26, 0;
    %mov 4, 0, 1;
    %jmp/1 T_2.16, 4;
    %load/x1p 8, v01068038_0, 6;
    %jmp T_2.17;
T_2.16 ;
    %mov 8, 2, 6;
T_2.17 ;
; Save base=8 wid=6 in lookaside.
    %cmpi/u 8, 10, 6;
    %jmp/1 T_2.18, 6;
    %cmpi/u 8, 11, 6;
    %jmp/1 T_2.19, 6;
    %ix/load 0, 32, 0;
    %assign/v0 v0106DF90_0, 2, 2;
    %jmp T_2.21;
T_2.18 ;
    %load/v 8, v01057310_0, 32;
    %load/v 40, v01068090_0, 32;
    %add 8, 40, 32;
    %ix/load 0, 32, 0;
    %assign/v0 v0106DF90_0, 2, 8;
    %jmp T_2.21;
T_2.19 ;
    %load/v 8, v01057310_0, 32;
    %load/v 40, v01068090_0, 32;
    %sub 8, 40, 32;
    %ix/load 0, 32, 0;
    %assign/v0 v0106DF90_0, 2, 8;
    %jmp T_2.21;
T_2.21 ;
    %jmp T_2.7;
T_2.4 ;
    %load/v 8, v01057310_0, 32;
    %load/v 40, v01068090_0, 32;
    %add 8, 40, 32;
    %ix/load 0, 32, 0;
    %assign/v0 v0106DF90_0, 2, 8;
    %load/v 8, v01057368_0, 32;
    %load/v 40, v01068090_0, 32;
    %add 8, 40, 32;
    %ix/load 0, 32, 0;
    %assign/v0 v01053108_0, 2, 8;
    %jmp T_2.7;
T_2.5 ;
    %load/v 8, v01057310_0, 32;
    %load/v 40, v01068090_0, 32;
    %add 8, 40, 32;
    %ix/load 0, 32, 0;
    %assign/v0 v0106DF90_0, 2, 8;
    %load/v 8, v01057368_0, 32;
    %load/v 40, v01068090_0, 32;
    %add 8, 40, 32;
    %ix/load 0, 32, 0;
    %assign/v0 v01053108_0, 2, 8;
    %jmp T_2.7;
T_2.6 ;
    %load/v 8, v010680E8_0, 32;
    %load/v 40, v01068090_0, 32;
    %add 8, 40, 32;
    %ix/load 0, 32, 0;
    %assign/v0 v0106DF90_0, 2, 8;
    %load/v 8, v01057310_0, 32;
    %cmpi/u 8, 0, 32;
    %mov 8, 4, 1;
    %ix/load 0, 1, 0;
    %assign/v0 v01154778_0, 2, 8;
    %jmp T_2.7;
T_2.7 ;
T_2.0 ;
    %jmp T_2;
    .thread T_2;
    .scope S_011586A0;
T_3 ;
    %wait E_010588E0;
    %load/v 8, v010572B8_0, 1;
    %mov 9, 0, 1;
    %cmpi/u 8, 0, 2;
    %jmp/0xz  T_3.0, 4;
    %load/v 8, v0115AA48_0, 3;
    %ix/load 0, 3, 0;
    %assign/v0 v010603D8_0, 2, 8;
    %load/v 8, v01055580_0, 32;
    %ix/load 0, 32, 0;
    %assign/v0 v010574C8_0, 2, 8;
    %load/v 8, v0115AA48_0, 3;
    %cmpi/u 8, 0, 3;
    %jmp/1 T_3.2, 6;
    %cmpi/u 8, 1, 3;
    %jmp/1 T_3.3, 6;
    %cmpi/u 8, 2, 3;
    %jmp/1 T_3.4, 6;
    %cmpi/u 8, 3, 3;
    %jmp/1 T_3.5, 6;
    %jmp T_3.6;
T_3.2 ;
    %load/v 8, v0106DF90_0, 32;
    %ix/load 0, 32, 0;
    %assign/v0 v01061D90_0, 2, 8;
    %jmp T_3.6;
T_3.3 ;
    %load/v 8, v0106DF90_0, 32;
    %ix/load 0, 32, 0;
    %assign/v0 v01061D90_0, 2, 8;
    %jmp T_3.6;
T_3.4 ;
    %ix/getv 3, v0106DF90_0;
    %load/av 8, v01060538, 32;
    %ix/load 0, 32, 0;
    %assign/v0 v01057520_0, 2, 8;
    %jmp T_3.6;
T_3.5 ;
    %load/v 8, v010604E0_0, 1;
    %mov 9, 0, 1;
    %cmpi/u 8, 0, 2;
    %jmp/0xz  T_3.7, 4;
    %load/v 8, v01053108_0, 32;
    %ix/getv 3, v0106DF90_0;
    %jmp/1 t_0, 4;
    %ix/load 0, 32, 0; word width
    %ix/load 1, 0, 0; part off
    %assign/av v01060538, 2, 8;
t_0 ;
T_3.7 ;
    %jmp T_3.6;
T_3.6 ;
T_3.0 ;
    %jmp T_3;
    .thread T_3;
    .scope S_011586A0;
T_4 ;
    %wait E_01058720;
    %load/v 8, v010604E0_0, 1;
    %mov 9, 0, 1;
    %cmpi/u 8, 0, 2;
    %jmp/0xz  T_4.0, 4;
    %load/v 8, v010603D8_0, 3;
    %cmpi/u 8, 0, 3;
    %jmp/1 T_4.2, 6;
    %cmpi/u 8, 1, 3;
    %jmp/1 T_4.3, 6;
    %cmpi/u 8, 2, 3;
    %jmp/1 T_4.4, 6;
    %cmpi/u 8, 5, 3;
    %jmp/1 T_4.5, 6;
    %jmp T_4.6;
T_4.2 ;
    %load/v 8, v01061D90_0, 32;
    %ix/load 1, 11, 0;
    %mov 4, 0, 1;
    %jmp/1 T_4.7, 4;
    %load/x1p 40, v010574C8_0, 5;
    %jmp T_4.8;
T_4.7 ;
    %mov 40, 2, 5;
T_4.8 ;
; Save base=40 wid=5 in lookaside.
    %ix/get 3, 40, 5;
    %jmp/1 t_1, 4;
    %ix/load 0, 32, 0; word width
    %ix/load 1, 0, 0; part off
    %assign/av v010608A8, 2, 8;
t_1 ;
    %jmp T_4.6;
T_4.3 ;
    %load/v 8, v01061D90_0, 32;
    %ix/load 1, 16, 0;
    %mov 4, 0, 1;
    %jmp/1 T_4.9, 4;
    %load/x1p 40, v010574C8_0, 5;
    %jmp T_4.10;
T_4.9 ;
    %mov 40, 2, 5;
T_4.10 ;
; Save base=40 wid=5 in lookaside.
    %ix/get 3, 40, 5;
    %jmp/1 t_2, 4;
    %ix/load 0, 32, 0; word width
    %ix/load 1, 0, 0; part off
    %assign/av v010608A8, 2, 8;
t_2 ;
    %jmp T_4.6;
T_4.4 ;
    %load/v 8, v01057520_0, 32;
    %ix/load 1, 16, 0;
    %mov 4, 0, 1;
    %jmp/1 T_4.11, 4;
    %load/x1p 40, v010574C8_0, 5;
    %jmp T_4.12;
T_4.11 ;
    %mov 40, 2, 5;
T_4.12 ;
; Save base=40 wid=5 in lookaside.
    %ix/get 3, 40, 5;
    %jmp/1 t_3, 4;
    %ix/load 0, 32, 0; word width
    %ix/load 1, 0, 0; part off
    %assign/av v010608A8, 2, 8;
t_3 ;
    %jmp T_4.6;
T_4.5 ;
    %ix/load 0, 1, 0;
    %assign/v0 v010572B8_0, 2, 1;
    %jmp T_4.6;
T_4.6 ;
T_4.0 ;
    %jmp T_4;
    .thread T_4;
    .scope S_01158590;
T_5 ;
    %set/v v01060590_0, 0, 1;
    %set/v v010607A0_0, 0, 1;
    %movi 8, 50, 7;
T_5.0 %cmp/s 0, 8, 7;
    %jmp/0xz T_5.1, 5;
    %add 8, 1, 7;
    %delay 5, 0;
    %set/v v01060590_0, 1, 1;
    %delay 5, 0;
    %set/v v01060590_0, 0, 1;
    %delay 5, 0;
    %set/v v010607A0_0, 1, 1;
    %delay 5, 0;
    %set/v v010607A0_0, 0, 1;
    %jmp T_5.0;
T_5.1 ;
    %end;
    .thread T_5;
    .scope S_01158590;
T_6 ;
    %set/v v01060748_0, 0, 32;
T_6.0 ;
    %load/v 8, v01060748_0, 32;
   %cmpi/s 8, 31, 32;
    %jmp/0xz T_6.1, 5;
    %load/v 8, v01060748_0, 32;
    %ix/getv/s 3, v01060748_0;
   %jmp/1 t_4, 4;
   %ix/load 1, 0, 0;
   %set/av v010608A8, 8, 32;
t_4 ;
    %ix/load 0, 1, 0;
    %load/vp0/s 8, v01060748_0, 32;
    %set/v v01060748_0, 8, 32;
    %jmp T_6.0;
T_6.1 ;
    %movi 8, 671154296, 32;
   %ix/load 1, 0, 0;
   %ix/load 3, 0, 0;
   %set/av v01060538, 8, 32;
    %movi 8, 207820800, 32;
   %ix/load 1, 0, 0;
   %ix/load 3, 1, 0;
   %set/av v01060538, 8, 32;
    %movi 8, 539099136, 32;
   %ix/load 1, 0, 0;
   %ix/load 3, 2, 0;
   %set/av v01060538, 8, 32;
    %movi 8, 207820800, 32;
   %ix/load 1, 0, 0;
   %ix/load 3, 3, 0;
   %set/av v01060538, 8, 32;
    %movi 8, 675414060, 32;
   %ix/load 1, 0, 0;
   %ix/load 3, 4, 0;
   %set/av v01060538, 8, 32;
    %movi 8, 207820800, 32;
   %ix/load 1, 0, 0;
   %ix/load 3, 5, 0;
   %set/av v01060538, 8, 32;
    %movi 8, 606208001, 32;
   %ix/load 1, 0, 0;
   %ix/load 3, 6, 0;
   %set/av v01060538, 8, 32;
    %movi 8, 4227858432, 32;
   %ix/load 1, 0, 0;
   %ix/load 3, 7, 0;
   %set/av v01060538, 8, 32;
    %movi 8, 85, 32;
   %ix/load 1, 0, 0;
   %ix/load 3, 120, 0;
   %set/av v01060538, 8, 32;
    %set/v v01060488_0, 0, 32;
    %set/v v010572B8_0, 0, 1;
    %set/v v010604E0_0, 0, 1;
    %delay 500, 0;
    %vpi_call 2 38 "$display", "Mem[120]: %4d \012Mem[121] : %4d", &A<v01060538, 120>, &A<v01060538, 121>;
    %end;
    .thread T_6;
    .scope S_01158590;
T_7 ;
    %vpi_call 2 42 "$dumpfile", "mips.vcd";
    %vpi_call 2 43 "$dumpvars", 1'sb0, S_01158590;
    %delay 600, 0;
    %vpi_call 2 44 "$finish";
    %end;
    .thread T_7;
# The file index is used to find the file name in the following table.
:file_names 4;
    "N/A";
    "<interactive>";
    "risc_tb.v";
    "risc.v";
