#! /c/iverilog/bin/vvp
:ivl_version "0.9.7 " "(v0_9_7)";
:vpi_time_precision + 0;
:vpi_module "system";
:vpi_module "v2005_math";
:vpi_module "va_math";
S_01173A90 .scope module, "test" "test" 2 68;
 .timescale 0 0;
P_01174E84 .param/l "N" 2 70, +C4<011>;
v01179210_0 .var "clk", 0 0;
v01179268_0 .var "clr", 0 0;
v011792C0_0 .net "count", 0 3, v01171658_0; 1 drivers
S_01171578 .scope module, "c" "counter" 2 73, 3 66, S_01173A90;
 .timescale 0 0;
P_01175044 .param/l "N" 3 67, +C4<011>;
v01173258_0 .net "clk", 0 0, v01179210_0; 1 drivers
v01171600_0 .net "clr", 0 0, v01179268_0; 1 drivers
v01171658_0 .var "count", 0 3;
E_01175020 .event posedge, v01173258_0;
    .scope S_01171578;
T_0 ;
    %wait E_01175020;
    %load/v 8, v01171600_0, 1;
    %jmp/0xz  T_0.0, 8;
    %ix/load 0, 4, 0;
    %assign/v0 v01171658_0, 0, 0;
    %jmp T_0.1;
T_0.0 ;
    %ix/load 0, 1, 0;
    %load/vp0 8, v01171658_0, 4;
    %ix/load 0, 4, 0;
    %assign/v0 v01171658_0, 0, 8;
T_0.1 ;
    %jmp T_0;
    .thread T_0;
    .scope S_01173A90;
T_1 ;
    %set/v v01179210_0, 1, 1;
T_1.0 ;
    %delay 5, 0;
    %load/v 8, v01179210_0, 1;
    %inv 8, 1;
    %set/v v01179210_0, 8, 1;
    %jmp T_1.0;
    %end;
    .thread T_1;
    .scope S_01173A90;
T_2 ;
    %delay 10, 0;
    %set/v v01179268_0, 0, 1;
    %delay 10, 0;
    %set/v v01179268_0, 0, 1;
    %delay 10, 0;
    %set/v v01179268_0, 1, 1;
    %end;
    .thread T_2;
    .scope S_01173A90;
T_3 ;
    %vpi_call 2 88 "$monitor", $time, " ", " clr=%b, count=%b", v01179268_0, v011792C0_0;
    %delay 40, 0;
    %vpi_call 2 89 "$finish";
    %end;
    .thread T_3;
# The file index is used to find the file name in the following table.
:file_names 4;
    "N/A";
    "<interactive>";
    "counters_tb.v";
    "counters.v";
