#! /c/iverilog/bin/vvp
:ivl_version "0.9.7 " "(v0_9_7)";
:vpi_time_precision + 0;
:vpi_module "system";
:vpi_module "v2005_math";
:vpi_module "va_math";
S_00944180 .scope module, "test" "test" 2 99;
 .timescale 0 0;
v00947DC0_0 .var "clk", 0 0;
v00947E18_0 .var "jk", 1 0;
v00947E70_0 .net "q", 0 0, v00947D10_0; 1 drivers
v00947EC8_0 .net "qbar", 0 0, v00947D68_0; 1 drivers
S_00941608 .scope module, "s" "jkflipflop" 2 104, 3 59, S_00944180;
 .timescale 0 0;
v00941690_0 .net "clk", 0 0, v00947DC0_0; 1 drivers
v009416E8_0 .net "jk", 1 0, v00947E18_0; 1 drivers
v00947D10_0 .var "q", 0 0;
v00947D68_0 .var "qbar", 0 0;
E_009A1DD0 .event posedge, v00941690_0;
    .scope S_00941608;
T_0 ;
    %wait E_009A1DD0;
    %load/v 8, v009416E8_0, 2;
    %cmpi/u 8, 0, 2;
    %jmp/1 T_0.0, 6;
    %cmpi/u 8, 1, 2;
    %jmp/1 T_0.1, 6;
    %cmpi/u 8, 2, 2;
    %jmp/1 T_0.2, 6;
    %cmpi/u 8, 3, 2;
    %jmp/1 T_0.3, 6;
    %jmp T_0.4;
T_0.0 ;
    %load/v 8, v00947D10_0, 1;
    %set/v v00947D10_0, 8, 1;
    %jmp T_0.4;
T_0.1 ;
    %set/v v00947D10_0, 0, 1;
    %jmp T_0.4;
T_0.2 ;
    %set/v v00947D10_0, 1, 1;
    %jmp T_0.4;
T_0.3 ;
    %load/v 8, v00947D10_0, 1;
    %inv 8, 1;
    %set/v v00947D10_0, 8, 1;
    %jmp T_0.4;
T_0.4 ;
    %load/v 8, v00947D10_0, 1;
    %inv 8, 1;
    %cassign/v v00947D68_0, 8, 1;
    %jmp T_0;
    .thread T_0;
    .scope S_00944180;
T_1 ;
    %set/v v00947DC0_0, 1, 1;
T_1.0 ;
    %delay 5, 0;
    %load/v 9, v00947DC0_0, 1;
    %inv 9, 1;
    %set/v v00947DC0_0, 9, 1;
    %jmp T_1.0;
    %end;
    .thread T_1;
    .scope S_00944180;
T_2 ;
    %vpi_call 2 112 "$dumpfile", "flipflop.vcd";
    %vpi_call 2 113 "$dumpvars", 1'sb0;
    %delay 50, 0;
    %set/v v00947E18_0, 0, 2;
    %delay 50, 0;
    %movi 9, 1, 2;
    %set/v v00947E18_0, 9, 2;
    %delay 50, 0;
    %movi 9, 2, 2;
    %set/v v00947E18_0, 9, 2;
    %delay 50, 0;
    %set/v v00947E18_0, 1, 2;
    %delay 50, 0;
    %set/v v00947E18_0, 0, 2;
    %delay 50, 0;
    %vpi_call 2 119 "$finish";
    %end;
    .thread T_2;
    .scope S_00944180;
T_3 ;
    %vpi_call 2 124 "$monitor", $time, " ", "jk=%b q=%b qbar=%b", v00947E18_0, v00947E70_0, v00947EC8_0;
    %end;
    .thread T_3;
# The file index is used to find the file name in the following table.
:file_names 4;
    "N/A";
    "<interactive>";
    "flipflop_tb.v";
    "flipflop.v";
