#! /c/iverilog/bin/vvp
:ivl_version "0.9.7 " "(v0_9_7)";
:vpi_time_precision + 0;
:vpi_module "system";
:vpi_module "v2005_math";
:vpi_module "va_math";
S_007FDF78 .scope module, "test" "test" 2 1;
 .timescale 0 0;
P_007F832C .param/l "N" 2 2, +C4<01010>;
v007FB3F8_0 .var "A", 9 0;
v007FB450_0 .var "B", 9 0;
v007FB4A8_0 .var "C", 9 0;
v007FB500_0 .var "D", 9 0;
v01060FB0_0 .net "F", 9 0, v007F4DD0_0; 1 drivers
v01060DA0_0 .var "clk", 0 0;
S_007FD9A0 .scope module, "p" "part1" 2 7, 3 6, S_007FDF78;
 .timescale 0 0;
P_007F834C .param/l "N" 3 7, +C4<01010>;
v007FEB70_0 .net "A", 9 0, v007FB3F8_0; 1 drivers
v007F8920_0 .net "B", 9 0, v007FB450_0; 1 drivers
v007F8978_0 .net "C", 9 0, v007FB4A8_0; 1 drivers
v007F89D0_0 .net "D", 9 0, v007FB500_0; 1 drivers
v007F1588_0 .alias "F", 9 0, v01060FB0_0;
v007F15E0_0 .var "L12_D", 9 0;
v007F1638_0 .var "L12_x1", 9 0;
v007F4CC8_0 .var "L12_x2", 9 0;
v007F4D20_0 .var "L23_D", 9 0;
v007F4D78_0 .var "L23_x3", 9 0;
v007F4DD0_0 .var "L34_F", 9 0;
v007FB3A0_0 .net "clk", 0 0, v01060DA0_0; 1 drivers
E_007F8528 .event posedge, v007FB3A0_0;
    .scope S_007FD9A0;
T_0 ;
    %wait E_007F8528;
    %load/v 8, v007FEB70_0, 10;
    %load/v 18, v007F8920_0, 10;
    %add 8, 18, 10;
    %ix/load 0, 10, 0;
    %assign/v0 v007F1638_0, 4, 8;
    %load/v 8, v007F8978_0, 10;
    %load/v 18, v007F89D0_0, 10;
    %sub 8, 18, 10;
    %ix/load 0, 10, 0;
    %assign/v0 v007F4CC8_0, 4, 8;
    %load/v 8, v007F89D0_0, 10;
    %ix/load 0, 10, 0;
    %assign/v0 v007F15E0_0, 0, 8;
    %load/v 8, v007F1638_0, 10;
    %load/v 18, v007F4CC8_0, 10;
    %add 8, 18, 10;
    %ix/load 0, 10, 0;
    %assign/v0 v007F4D78_0, 4, 8;
    %load/v 8, v007F15E0_0, 10;
    %ix/load 0, 10, 0;
    %assign/v0 v007F4D20_0, 0, 8;
    %load/v 8, v007F4D20_0, 10;
    %load/v 18, v007F4D78_0, 10;
    %mul 8, 18, 10;
    %ix/load 0, 10, 0;
    %assign/v0 v007F4DD0_0, 6, 8;
    %jmp T_0;
    .thread T_0;
    .scope S_007FDF78;
T_1 ;
    %set/v v01060DA0_0, 0, 1;
T_1.0 ;
    %delay 5, 0;
    %load/v 8, v01060DA0_0, 1;
    %inv 8, 1;
    %set/v v01060DA0_0, 8, 1;
    %jmp T_1.0;
    %end;
    .thread T_1;
    .scope S_007FDF78;
T_2 ;
    %delay 5, 0;
    %movi 8, 10, 10;
    %set/v v007FB3F8_0, 8, 10;
    %movi 8, 12, 10;
    %set/v v007FB450_0, 8, 10;
    %movi 8, 6, 10;
    %set/v v007FB4A8_0, 8, 10;
    %movi 8, 3, 10;
    %set/v v007FB500_0, 8, 10;
    %delay 20, 0;
    %movi 8, 10, 10;
    %set/v v007FB3F8_0, 8, 10;
    %movi 8, 10, 10;
    %set/v v007FB450_0, 8, 10;
    %movi 8, 5, 10;
    %set/v v007FB4A8_0, 8, 10;
    %movi 8, 3, 10;
    %set/v v007FB500_0, 8, 10;
    %delay 20, 0;
    %movi 8, 12, 10;
    %set/v v007FB3F8_0, 8, 10;
    %movi 8, 11, 10;
    %set/v v007FB450_0, 8, 10;
    %movi 8, 4, 10;
    %set/v v007FB4A8_0, 8, 10;
    %movi 8, 2, 10;
    %set/v v007FB500_0, 8, 10;
    %end;
    .thread T_2;
    .scope S_007FDF78;
T_3 ;
    %vpi_call 2 21 "$dumpfile", "part1.vcd";
    %vpi_call 2 22 "$dumpvars", 1'sb0;
    %vpi_call 2 23 "$monitor", $time, " ", "F=%d", v01060FB0_0;
    %delay 100, 0;
    %vpi_call 2 24 "$finish";
    %end;
    .thread T_3;
# The file index is used to find the file name in the following table.
:file_names 4;
    "N/A";
    "<interactive>";
    "part1_tb.v";
    "part1.v";
