#! /c/iverilog/bin/vvp
:ivl_version "0.9.7 " "(v0_9_7)";
:vpi_time_precision + 0;
:vpi_module "system";
:vpi_module "v2005_math";
:vpi_module "va_math";
S_009289C0 .scope module, "GPIO_TB" "GPIO_TB" 2 1;
 .timescale 0 0;
P_009A38EC .param/l "N" 2 4, +C4<01000>;
v00921638_0 .var "clk", 0 0;
v009244E0_0 .var "gpio_direction", 7 0;
v00924538_0 .var "gpio_in", 7 0;
v00924590_0 .net "gpio_out", 7 0, v00921588_0; 1 drivers
v009245E8_0 .var "reset", 0 0;
S_00928A48 .scope module, "dut" "GPIO" 2 15, 3 1, S_009289C0;
 .timescale 0 0;
P_009A37CC .param/l "N" 3 8, +C4<01000>;
v00929E40_0 .net "clk", 0 0, v00921638_0; 1 drivers
v00929E98_0 .net "gpio_direction", 7 0, v009244E0_0; 1 drivers
v00929EF0_0 .net "gpio_in", 7 0, v00924538_0; 1 drivers
v00921588_0 .var "gpio_out", 7 0;
v009215E0_0 .net "reset", 0 0, v009245E8_0; 1 drivers
E_009A3AC8 .event posedge, v009215E0_0, v00929E40_0;
    .scope S_00928A48;
T_0 ;
    %wait E_009A3AC8;
    %load/v 8, v009215E0_0, 1;
    %jmp/0xz  T_0.0, 8;
    %ix/load 0, 8, 0;
    %assign/v0 v00921588_0, 0, 0;
    %jmp T_0.1;
T_0.0 ;
    %load/v 8, v00929E98_0, 8;
    %cmpi/u 8, 255, 8;
    %jmp/0xz  T_0.2, 4;
    %load/v 8, v00929EF0_0, 8;
    %ix/load 0, 8, 0;
    %assign/v0 v00921588_0, 0, 8;
    %jmp T_0.3;
T_0.2 ;
    %load/v 8, v00921588_0, 8;
    %ix/load 0, 8, 0;
    %assign/v0 v00921588_0, 0, 8;
T_0.3 ;
T_0.1 ;
    %jmp T_0;
    .thread T_0;
    .scope S_009289C0;
T_1 ;
    %set/v v00921638_0, 0, 1;
T_1.0 ;
    %delay 5, 0;
    %load/v 8, v00921638_0, 1;
    %inv 8, 1;
    %set/v v00921638_0, 8, 1;
    %jmp T_1.0;
    %end;
    .thread T_1;
    .scope S_009289C0;
T_2 ;
    %set/v v009245E8_0, 1, 1;
    %delay 10, 0;
    %set/v v009245E8_0, 0, 1;
    %end;
    .thread T_2;
    .scope S_009289C0;
T_3 ;
    %vpi_call 2 37 "$dumpfile", "gpio.vcd";
    %vpi_call 2 38 "$dumpvars", 1'sb0;
    %set/v v009244E0_0, 0, 8;
    %delay 10, 0;
    %set/v v009244E0_0, 1, 8;
    %delay 10, 0;
    %delay 10, 0;
    %set/v v009244E0_0, 0, 8;
    %delay 10, 0;
    %vpi_call 2 52 "$display", "Simulation completed!";
    %vpi_call 2 53 "$finish";
    %end;
    .thread T_3;
# The file index is used to find the file name in the following table.
:file_names 4;
    "N/A";
    "<interactive>";
    "gpio_tb.v";
    "gpio.v";
