#! /c/iverilog/bin/vvp
:ivl_version "0.9.7 " "(v0_9_7)";
:vpi_time_precision + 0;
:vpi_module "system";
:vpi_module "v2005_math";
:vpi_module "va_math";
S_01114278 .scope module, "test" "test" 2 1;
 .timescale 0 0;
v01111690_0 .var "clk", 0 0;
v0111ED40_0 .var "x", 0 0;
v0111ED98_0 .net "z", 0 0, v01111638_0; 1 drivers
S_01114300 .scope module, "p" "parity" 2 4, 3 25, S_01114278;
 .timescale 0 0;
P_01153A34 .param/l "EVEN" 3 29, +C4<0>;
P_01153A48 .param/l "ODD" 3 29, +C4<01>;
v01113478_0 .net "clk", 0 0, v01111690_0; 1 drivers
v01111588_0 .var "even_odd", 0 0;
v011115E0_0 .net "x", 0 0, v0111ED40_0; 1 drivers
v01111638_0 .var "z", 0 0;
E_01152010 .event edge, v01111588_0;
E_01151CD0 .event posedge, v01113478_0;
    .scope S_01114300;
T_0 ;
    %wait E_01151CD0;
    %load/v 8, v01111588_0, 1;
    %cmpi/u 8, 0, 1;
    %jmp/1 T_0.0, 6;
    %cmpi/u 8, 1, 1;
    %jmp/1 T_0.1, 6;
    %ix/load 0, 1, 0;
    %assign/v0 v01111588_0, 0, 0;
    %jmp T_0.3;
T_0.0 ;
    %load/v 8, v011115E0_0, 1;
    %jmp/0  T_0.4, 8;
    %movi 9, 1, 2;
    %jmp/1  T_0.6, 8;
T_0.4 ; End of true expr.
    %jmp/0  T_0.5, 8;
 ; End of false expr.
    %blend  9, 0, 2; Condition unknown.
    %jmp  T_0.6;
T_0.5 ;
    %mov 9, 0, 2; Return false value
T_0.6 ;
    %ix/load 0, 1, 0;
    %assign/v0 v01111588_0, 0, 9;
    %jmp T_0.3;
T_0.1 ;
    %load/v 8, v011115E0_0, 1;
    %jmp/0  T_0.7, 8;
    %mov 9, 0, 2;
    %jmp/1  T_0.9, 8;
T_0.7 ; End of true expr.
    %movi 11, 1, 2;
    %jmp/0  T_0.8, 8;
 ; End of false expr.
    %blend  9, 11, 2; Condition unknown.
    %jmp  T_0.9;
T_0.8 ;
    %mov 9, 11, 2; Return false value
T_0.9 ;
    %ix/load 0, 1, 0;
    %assign/v0 v01111588_0, 0, 9;
    %jmp T_0.3;
T_0.3 ;
    %jmp T_0;
    .thread T_0;
    .scope S_01114300;
T_1 ;
    %wait E_01152010;
    %load/v 8, v01111588_0, 1;
    %cmpi/u 8, 0, 1;
    %jmp/1 T_1.0, 6;
    %cmpi/u 8, 1, 1;
    %jmp/1 T_1.1, 6;
    %jmp T_1.2;
T_1.0 ;
    %set/v v01111638_0, 0, 1;
    %jmp T_1.2;
T_1.1 ;
    %set/v v01111638_0, 1, 1;
    %jmp T_1.2;
T_1.2 ;
    %jmp T_1;
    .thread T_1, $push;
    .scope S_01114278;
T_2 ;
    %set/v v01111690_0, 0, 1;
T_2.0 ;
    %delay 5, 0;
    %load/v 8, v01111690_0, 1;
    %inv 8, 1;
    %set/v v01111690_0, 8, 1;
    %jmp T_2.0;
    %end;
    .thread T_2;
    .scope S_01114278;
T_3 ;
    %vpi_call 2 12 "$dumpfile", "parity.vcd";
    %vpi_call 2 13 "$dumpvars", 1'sb0;
    %delay 2, 0;
    %set/v v0111ED40_0, 0, 1;
    %delay 10, 0;
    %set/v v0111ED40_0, 1, 1;
    %delay 10, 0;
    %set/v v0111ED40_0, 1, 1;
    %delay 10, 0;
    %vpi_call 2 18 "$finish";
    %end;
    .thread T_3;
    .scope S_01114278;
T_4 ;
    %vpi_call 2 22 "$monitor", $time, " ", "z=%b", v0111ED98_0;
    %end;
    .thread T_4;
# The file index is used to find the file name in the following table.
:file_names 4;
    "N/A";
    "<interactive>";
    "parity_tb.v";
    "parity.v";
