#! /c/Source/iverilog-install/bin/vvp
:ivl_version "12.0 (devel)" "(s20150603-1539-g2693dd32b)";
:ivl_delay_selection "TYPICAL";
:vpi_time_precision + 0;
:vpi_module "C:\iverilog\lib\ivl\system.vpi";
:vpi_module "C:\iverilog\lib\ivl\vhdl_sys.vpi";
:vpi_module "C:\iverilog\lib\ivl\vhdl_textio.vpi";
:vpi_module "C:\iverilog\lib\ivl\v2005_math.vpi";
:vpi_module "C:\iverilog\lib\ivl\va_math.vpi";
S_000002b4fac96700 .scope module, "stimulus" "stimulus" 2 1;
 .timescale 0 0;
v000002b4fae068e0_0 .var "car_on_cntry_rd", 0 0;
v000002b4fae06980_0 .var "clear", 0 0;
v000002b4faca07d0_0 .var "clock", 0 0;
v000002b4faca0870_0 .net "cntry", 1 0, v000002b4fae06660_0;  1 drivers
v000002b4faca0e60_0 .net "main", 1 0, v000002b4fae06700_0;  1 drivers
E_000002b4fac95720 .event negedge, v000002b4fae065c0_0;
S_000002b4fac96890 .scope module, "SC" "sig_control" 2 6, 3 24 0, S_000002b4fac96700;
 .timescale 0 0;
    .port_info 0 /OUTPUT 2 "hwy";
    .port_info 1 /OUTPUT 2 "cntry";
    .port_info 2 /INPUT 1 "X";
    .port_info 3 /INPUT 1 "clock";
    .port_info 4 /INPUT 1 "clear";
v000002b4facb0c50_0 .net "X", 0 0, v000002b4fae068e0_0;  1 drivers
v000002b4fac96a20_0 .net "clear", 0 0, v000002b4fae06980_0;  1 drivers
v000002b4fae065c0_0 .net "clock", 0 0, v000002b4faca07d0_0;  1 drivers
v000002b4fae06660_0 .var "cntry", 1 0;
v000002b4fae06700_0 .var "hwy", 1 0;
v000002b4fae067a0_0 .var "next_state", 2 0;
v000002b4fae06840_0 .var "state", 2 0;
E_000002b4fac95760 .event anyedge, v000002b4facb0c50_0, v000002b4fac96a20_0, v000002b4fae06840_0;
E_000002b4fac96320 .event posedge, v000002b4fae065c0_0;
E_000002b4fac95860 .event anyedge, v000002b4fae06840_0;
    .scope S_000002b4fac96890;
T_0 ;
    %pushi/vec4 0, 0, 3;
    %store/vec4 v000002b4fae06840_0, 0, 3;
    %pushi/vec4 0, 0, 3;
    %store/vec4 v000002b4fae067a0_0, 0, 3;
    %pushi/vec4 2, 0, 2;
    %store/vec4 v000002b4fae06700_0, 0, 2;
    %pushi/vec4 0, 0, 2;
    %store/vec4 v000002b4fae06660_0, 0, 2;
    %vpi_call 3 37 "$display", "My first project" {0 0 0};
    %end;
    .thread T_0;
    .scope S_000002b4fac96890;
T_1 ;
    %wait E_000002b4fac96320;
    %load/vec4 v000002b4fae067a0_0;
    %store/vec4 v000002b4fae06840_0, 0, 3;
    %jmp T_1;
    .thread T_1;
    .scope S_000002b4fac96890;
T_2 ;
    %wait E_000002b4fac95860;
    %load/vec4 v000002b4fae06840_0;
    %dup/vec4;
    %pushi/vec4 0, 0, 3;
    %cmp/u;
    %jmp/1 T_2.0, 6;
    %dup/vec4;
    %pushi/vec4 1, 0, 3;
    %cmp/u;
    %jmp/1 T_2.1, 6;
    %dup/vec4;
    %pushi/vec4 2, 0, 3;
    %cmp/u;
    %jmp/1 T_2.2, 6;
    %dup/vec4;
    %pushi/vec4 3, 0, 3;
    %cmp/u;
    %jmp/1 T_2.3, 6;
    %dup/vec4;
    %pushi/vec4 4, 0, 3;
    %cmp/u;
    %jmp/1 T_2.4, 6;
    %jmp T_2.5;
T_2.0 ;
    %pushi/vec4 2, 0, 2;
    %store/vec4 v000002b4fae06700_0, 0, 2;
    %pushi/vec4 0, 0, 2;
    %store/vec4 v000002b4fae06660_0, 0, 2;
    %jmp T_2.5;
T_2.1 ;
    %pushi/vec4 1, 0, 2;
    %store/vec4 v000002b4fae06700_0, 0, 2;
    %pushi/vec4 0, 0, 2;
    %store/vec4 v000002b4fae06660_0, 0, 2;
    %jmp T_2.5;
T_2.2 ;
    %pushi/vec4 0, 0, 2;
    %store/vec4 v000002b4fae06700_0, 0, 2;
    %pushi/vec4 0, 0, 2;
    %store/vec4 v000002b4fae06660_0, 0, 2;
    %jmp T_2.5;
T_2.3 ;
    %pushi/vec4 0, 0, 2;
    %store/vec4 v000002b4fae06700_0, 0, 2;
    %pushi/vec4 2, 0, 2;
    %store/vec4 v000002b4fae06660_0, 0, 2;
    %jmp T_2.5;
T_2.4 ;
    %pushi/vec4 0, 0, 2;
    %store/vec4 v000002b4fae06700_0, 0, 2;
    %pushi/vec4 1, 0, 2;
    %store/vec4 v000002b4fae06660_0, 0, 2;
    %jmp T_2.5;
T_2.5 ;
    %pop/vec4 1;
    %jmp T_2;
    .thread T_2, $push;
    .scope S_000002b4fac96890;
T_3 ;
    %wait E_000002b4fac95760;
    %load/vec4 v000002b4fac96a20_0;
    %flag_set/vec4 8;
    %jmp/0xz  T_3.0, 8;
    %pushi/vec4 0, 0, 3;
    %store/vec4 v000002b4fae067a0_0, 0, 3;
    %jmp T_3.1;
T_3.0 ;
    %load/vec4 v000002b4fae06840_0;
    %dup/vec4;
    %pushi/vec4 0, 0, 3;
    %cmp/u;
    %jmp/1 T_3.2, 6;
    %dup/vec4;
    %pushi/vec4 1, 0, 3;
    %cmp/u;
    %jmp/1 T_3.3, 6;
    %dup/vec4;
    %pushi/vec4 2, 0, 3;
    %cmp/u;
    %jmp/1 T_3.4, 6;
    %dup/vec4;
    %pushi/vec4 3, 0, 3;
    %cmp/u;
    %jmp/1 T_3.5, 6;
    %dup/vec4;
    %pushi/vec4 4, 0, 3;
    %cmp/u;
    %jmp/1 T_3.6, 6;
    %pushi/vec4 0, 0, 3;
    %store/vec4 v000002b4fae067a0_0, 0, 3;
    %jmp T_3.8;
T_3.2 ;
    %load/vec4 v000002b4facb0c50_0;
    %flag_set/vec4 8;
    %jmp/0xz  T_3.9, 8;
    %pushi/vec4 1, 0, 3;
    %store/vec4 v000002b4fae067a0_0, 0, 3;
    %jmp T_3.10;
T_3.9 ;
    %pushi/vec4 0, 0, 3;
    %store/vec4 v000002b4fae067a0_0, 0, 3;
T_3.10 ;
    %jmp T_3.8;
T_3.3 ;
    %pushi/vec4 3, 0, 32;
T_3.11 %dup/vec4;
    %pushi/vec4 0, 0, 32;
    %cmp/s;
    %jmp/1xz T_3.12, 5;
    %jmp/1 T_3.12, 4;
    %pushi/vec4 1, 0, 32;
    %sub;
    %wait E_000002b4fac96320;
    %pushi/vec4 2, 0, 3;
    %store/vec4 v000002b4fae067a0_0, 0, 3;
    %jmp T_3.11;
T_3.12 ;
    %pop/vec4 1;
    %jmp T_3.8;
T_3.4 ;
    %pushi/vec4 2, 0, 32;
T_3.13 %dup/vec4;
    %pushi/vec4 0, 0, 32;
    %cmp/s;
    %jmp/1xz T_3.14, 5;
    %jmp/1 T_3.14, 4;
    %pushi/vec4 1, 0, 32;
    %sub;
    %wait E_000002b4fac96320;
    %pushi/vec4 3, 0, 3;
    %store/vec4 v000002b4fae067a0_0, 0, 3;
    %jmp T_3.13;
T_3.14 ;
    %pop/vec4 1;
    %jmp T_3.8;
T_3.5 ;
    %load/vec4 v000002b4facb0c50_0;
    %flag_set/vec4 8;
    %jmp/0xz  T_3.15, 8;
    %pushi/vec4 3, 0, 3;
    %store/vec4 v000002b4fae067a0_0, 0, 3;
    %jmp T_3.16;
T_3.15 ;
    %pushi/vec4 4, 0, 3;
    %store/vec4 v000002b4fae067a0_0, 0, 3;
T_3.16 ;
    %jmp T_3.8;
T_3.6 ;
    %pushi/vec4 3, 0, 32;
T_3.17 %dup/vec4;
    %pushi/vec4 0, 0, 32;
    %cmp/s;
    %jmp/1xz T_3.18, 5;
    %jmp/1 T_3.18, 4;
    %pushi/vec4 1, 0, 32;
    %sub;
    %wait E_000002b4fac96320;
    %pushi/vec4 0, 0, 3;
    %store/vec4 v000002b4fae067a0_0, 0, 3;
    %jmp T_3.17;
T_3.18 ;
    %pop/vec4 1;
    %jmp T_3.8;
T_3.8 ;
    %pop/vec4 1;
T_3.1 ;
    %jmp T_3;
    .thread T_3, $push;
    .scope S_000002b4fac96700;
T_4 ;
    %vpi_call 2 8 "$monitor", $time, "main=%b cntry=%b car_on_cntry_rd=%b", v000002b4faca0e60_0, v000002b4faca0870_0, v000002b4fae068e0_0 {0 0 0};
    %end;
    .thread T_4;
    .scope S_000002b4fac96700;
T_5 ;
    %pushi/vec4 0, 0, 1;
    %store/vec4 v000002b4faca07d0_0, 0, 1;
T_5.0 ;
    %delay 5, 0;
    %load/vec4 v000002b4faca07d0_0;
    %inv;
    %store/vec4 v000002b4faca07d0_0, 0, 1;
    %jmp T_5.0;
    %end;
    .thread T_5;
    .scope S_000002b4fac96700;
T_6 ;
    %pushi/vec4 1, 0, 1;
    %store/vec4 v000002b4fae06980_0, 0, 1;
    %pushi/vec4 5, 0, 32;
T_6.0 %dup/vec4;
    %pushi/vec4 0, 0, 32;
    %cmp/s;
    %jmp/1xz T_6.1, 5;
    %jmp/1 T_6.1, 4;
    %pushi/vec4 1, 0, 32;
    %sub;
    %wait E_000002b4fac95720;
    %jmp T_6.0;
T_6.1 ;
    %pop/vec4 1;
    %pushi/vec4 0, 0, 1;
    %store/vec4 v000002b4fae06980_0, 0, 1;
    %end;
    .thread T_6;
    .scope S_000002b4fac96700;
T_7 ;
    %pushi/vec4 0, 0, 1;
    %store/vec4 v000002b4fae068e0_0, 0, 1;
    %delay 200, 0;
    %pushi/vec4 1, 0, 1;
    %store/vec4 v000002b4fae068e0_0, 0, 1;
    %delay 100, 0;
    %pushi/vec4 0, 0, 1;
    %store/vec4 v000002b4fae068e0_0, 0, 1;
    %delay 200, 0;
    %pushi/vec4 1, 0, 1;
    %store/vec4 v000002b4fae068e0_0, 0, 1;
    %delay 100, 0;
    %pushi/vec4 0, 0, 1;
    %store/vec4 v000002b4fae068e0_0, 0, 1;
    %delay 200, 0;
    %pushi/vec4 1, 0, 1;
    %store/vec4 v000002b4fae068e0_0, 0, 1;
    %delay 100, 0;
    %pushi/vec4 0, 0, 1;
    %store/vec4 v000002b4fae068e0_0, 0, 1;
    %delay 100, 0;
    %vpi_call 2 35 "$stop" {0 0 0};
    %end;
    .thread T_7;
# The file index is used to find the file name in the following table.
:file_names 4;
    "N/A";
    "<interactive>";
    "project1_tb.v";
    "project1.v";
