#! /c/Source/iverilog-install/bin/vvp
:ivl_version "12.0 (devel)" "(s20150603-1539-g2693dd32b)";
:ivl_delay_selection "TYPICAL";
:vpi_time_precision + 0;
:vpi_module "C:\iverilog\lib\ivl\system.vpi";
:vpi_module "C:\iverilog\lib\ivl\vhdl_sys.vpi";
:vpi_module "C:\iverilog\lib\ivl\vhdl_textio.vpi";
:vpi_module "C:\iverilog\lib\ivl\v2005_math.vpi";
:vpi_module "C:\iverilog\lib\ivl\va_math.vpi";
S_00000223355c5e50 .scope module, "muxtest" "muxtest" 2 1;
 .timescale 0 0;
v00000223355d5870_0 .var "a0", 0 0;
v00000223355d5910_0 .var "a1", 0 0;
v00000223355d59b0_0 .net "out", 0 0, v00000223355d4540_0;  1 drivers
v00000223355d5a50_0 .var "sel", 0 0;
S_00000223355c5fe0 .scope module, "m" "mux" 2 5, 3 11 0, S_00000223355c5e50;
 .timescale 0 0;
    .port_info 0 /INPUT 1 "a0";
    .port_info 1 /INPUT 1 "a1";
    .port_info 2 /INPUT 1 "sel";
    .port_info 3 /OUTPUT 1 "out";
v00000223355d5730_0 .net "a0", 0 0, v00000223355d5870_0;  1 drivers
v00000223356b69c0_0 .net "a1", 0 0, v00000223355d5910_0;  1 drivers
v00000223355d4540_0 .var "out", 0 0;
v00000223355d57d0_0 .net "sel", 0 0, v00000223355d5a50_0;  1 drivers
E_00000223356bc730 .event anyedge, v00000223355d57d0_0, v00000223356b69c0_0, v00000223355d5730_0;
    .scope S_00000223355c5fe0;
T_0 ;
    %wait E_00000223356bc730;
    %load/vec4 v00000223355d57d0_0;
    %flag_set/vec4 8;
    %jmp/0xz  T_0.0, 8;
    %load/vec4 v00000223356b69c0_0;
    %cassign/vec4 v00000223355d4540_0;
    %cassign/link v00000223355d4540_0, v00000223356b69c0_0;
    %jmp T_0.1;
T_0.0 ;
    %load/vec4 v00000223355d5730_0;
    %cassign/vec4 v00000223355d4540_0;
    %cassign/link v00000223355d4540_0, v00000223355d5730_0;
T_0.1 ;
    %jmp T_0;
    .thread T_0, $push;
    .scope S_00000223355c5e50;
T_1 ;
    %pushi/vec4 0, 0, 1;
    %store/vec4 v00000223355d5870_0, 0, 1;
    %pushi/vec4 0, 0, 1;
    %store/vec4 v00000223355d5910_0, 0, 1;
    %pushi/vec4 0, 0, 1;
    %store/vec4 v00000223355d5a50_0, 0, 1;
    %end;
    .thread T_1;
    .scope S_00000223355c5e50;
T_2 ;
    %delay 10, 0;
    %pushi/vec4 0, 0, 1;
    %store/vec4 v00000223355d5870_0, 0, 1;
    %pushi/vec4 0, 0, 1;
    %store/vec4 v00000223355d5910_0, 0, 1;
    %pushi/vec4 1, 0, 1;
    %store/vec4 v00000223355d5a50_0, 0, 1;
    %delay 10, 0;
    %pushi/vec4 0, 0, 1;
    %store/vec4 v00000223355d5870_0, 0, 1;
    %pushi/vec4 1, 0, 1;
    %store/vec4 v00000223355d5910_0, 0, 1;
    %pushi/vec4 1, 0, 1;
    %store/vec4 v00000223355d5a50_0, 0, 1;
    %delay 10, 0;
    %pushi/vec4 1, 0, 1;
    %store/vec4 v00000223355d5870_0, 0, 1;
    %pushi/vec4 1, 0, 1;
    %store/vec4 v00000223355d5910_0, 0, 1;
    %pushi/vec4 0, 0, 1;
    %store/vec4 v00000223355d5a50_0, 0, 1;
    %end;
    .thread T_2;
    .scope S_00000223355c5e50;
T_3 ;
    %vpi_call 2 18 "$monitor", $time, "a0=%b a1=%b sel=%b out=%b", v00000223355d5870_0, v00000223355d5910_0, v00000223355d5a50_0, v00000223355d59b0_0 {0 0 0};
    %delay 40, 0;
    %vpi_call 2 19 "$finish" {0 0 0};
    %end;
    .thread T_3;
# The file index is used to find the file name in the following table.
:file_names 4;
    "N/A";
    "<interactive>";
    "mux_tb.v";
    "mux.v";
