#! /c/iverilog/bin/vvp
:ivl_version "0.9.7 " "(v0_9_7)";
:vpi_time_precision + 0;
:vpi_module "system";
:vpi_module "v2005_math";
:vpi_module "va_math";
S_0114EC20 .scope module, "tb" "tb" 2 1;
 .timescale 0 0;
v01182168_0 .var "clk", 0 0;
v01141580_0 .var "din", 0 0;
v011415D8_0 .net "dout", 0 0, v011435D8_0; 1 drivers
v01141630_0 .var "rst", 0 0;
S_01182088 .scope module, "u0" "seq_1011" 2 7, 3 119, S_0114EC20;
 .timescale 0 0;
P_0114E324 .param/l "S0" 3 121, +C4<0>;
P_0114E338 .param/l "S1" 3 121, +C4<01>;
P_0114E34C .param/l "S2" 3 121, +C4<010>;
P_0114E360 .param/l "S3" 3 121, +C4<011>;
v011434C8_0 .net "clk", 0 0, v01182168_0; 1 drivers
v01143550_0 .net "din", 0 0, v01141580_0; 1 drivers
v011435D8_0 .var "dout", 0 0;
v01143430_0 .var "next_state", 2 0;
v0114ECA8_0 .net "rst", 0 0, v01141630_0; 1 drivers
v01182110_0 .var "state", 2 0;
E_01148460 .event posedge, v011434C8_0;
E_01148380 .event edge, v01182110_0, v01143550_0;
    .scope S_01182088;
T_0 ;
    %wait E_01148380;
    %load/v 8, v01182110_0, 3;
    %cmpi/u 8, 0, 3;
    %jmp/1 T_0.0, 6;
    %cmpi/u 8, 1, 3;
    %jmp/1 T_0.1, 6;
    %cmpi/u 8, 2, 3;
    %jmp/1 T_0.2, 6;
    %cmpi/u 8, 0, 3;
    %jmp/1 T_0.3, 6;
    %set/v v01143430_0, 0, 3;
    %jmp T_0.5;
T_0.0 ;
    %load/v 11, v01143550_0, 1;
    %jmp/0  T_0.6, 11;
    %movi 12, 1, 2;
    %jmp/1  T_0.8, 11;
T_0.6 ; End of true expr.
    %jmp/0  T_0.7, 11;
 ; End of false expr.
    %blend  12, 0, 2; Condition unknown.
    %jmp  T_0.8;
T_0.7 ;
    %mov 12, 0, 2; Return false value
T_0.8 ;
    %mov 8, 12, 2;
    %mov 10, 9, 1;
    %set/v v01143430_0, 8, 3;
    %jmp T_0.5;
T_0.1 ;
    %load/v 8, v01143550_0, 1;
    %jmp/0  T_0.9, 8;
    %movi 9, 1, 3;
    %jmp/1  T_0.11, 8;
T_0.9 ; End of true expr.
    %movi 12, 2, 3;
    %jmp/0  T_0.10, 8;
 ; End of false expr.
    %blend  9, 12, 3; Condition unknown.
    %jmp  T_0.11;
T_0.10 ;
    %mov 9, 12, 3; Return false value
T_0.11 ;
    %set/v v01143430_0, 9, 3;
    %jmp T_0.5;
T_0.2 ;
    %load/v 8, v01143550_0, 1;
    %jmp/0  T_0.12, 8;
    %movi 9, 3, 3;
    %jmp/1  T_0.14, 8;
T_0.12 ; End of true expr.
    %jmp/0  T_0.13, 8;
 ; End of false expr.
    %blend  9, 0, 3; Condition unknown.
    %jmp  T_0.14;
T_0.13 ;
    %mov 9, 0, 3; Return false value
T_0.14 ;
    %set/v v01143430_0, 9, 3;
    %jmp T_0.5;
T_0.3 ;
    %load/v 8, v01143550_0, 1;
    %jmp/0  T_0.15, 8;
    %mov 9, 0, 3;
    %jmp/1  T_0.17, 8;
T_0.15 ; End of true expr.
    %movi 12, 2, 3;
    %jmp/0  T_0.16, 8;
 ; End of false expr.
    %blend  9, 12, 3; Condition unknown.
    %jmp  T_0.17;
T_0.16 ;
    %mov 9, 12, 3; Return false value
T_0.17 ;
    %set/v v01143430_0, 9, 3;
    %jmp T_0.5;
T_0.5 ;
    %jmp T_0;
    .thread T_0, $push;
    .scope S_01182088;
T_1 ;
    %wait E_01148460;
    %load/v 8, v0114ECA8_0, 1;
    %jmp/0xz  T_1.0, 8;
    %ix/load 0, 3, 0;
    %assign/v0 v01182110_0, 0, 0;
    %jmp T_1.1;
T_1.0 ;
    %load/v 8, v01143430_0, 3;
    %ix/load 0, 3, 0;
    %assign/v0 v01182110_0, 0, 8;
T_1.1 ;
    %jmp T_1;
    .thread T_1;
    .scope S_01182088;
T_2 ;
    %wait E_01148460;
    %load/v 8, v0114ECA8_0, 1;
    %jmp/0xz  T_2.0, 8;
    %ix/load 0, 1, 0;
    %assign/v0 v011435D8_0, 0, 0;
    %jmp T_2.1;
T_2.0 ;
    %load/v 8, v01143550_0, 1;
    %load/v 9, v01182110_0, 3;
    %mov 12, 0, 1;
    %cmpi/u 9, 3, 4;
    %mov 9, 4, 1;
    %and 8, 9, 1;
    %jmp/0xz  T_2.2, 8;
    %ix/load 0, 1, 0;
    %assign/v0 v011435D8_0, 0, 1;
    %jmp T_2.3;
T_2.2 ;
    %ix/load 0, 1, 0;
    %assign/v0 v011435D8_0, 0, 0;
T_2.3 ;
T_2.1 ;
    %jmp T_2;
    .thread T_2;
    .scope S_0114EC20;
T_3 ;
    %delay 1, 0;
    %load/v 8, v01182168_0, 1;
    %inv 8, 1;
    %set/v v01182168_0, 8, 1;
    %jmp T_3;
    .thread T_3;
    .scope S_0114EC20;
T_4 ;
    %set/v v01182168_0, 0, 1;
    %set/v v01141630_0, 1, 1;
    %set/v v01141580_0, 0, 1;
    %delay 5, 0;
    %set/v v01141630_0, 0, 1;
    %set/v v01141580_0, 0, 1;
    %delay 1, 0;
    %set/v v01141580_0, 0, 1;
    %delay 2, 0;
    %set/v v01141580_0, 0, 1;
    %delay 2, 0;
    %set/v v01141580_0, 0, 1;
    %delay 2, 0;
    %set/v v01141580_0, 1, 1;
    %delay 2, 0;
    %set/v v01141580_0, 0, 1;
    %delay 2, 0;
    %set/v v01141580_0, 0, 1;
    %delay 2, 0;
    %set/v v01141580_0, 1, 1;
    %delay 2, 0;
    %set/v v01141580_0, 0, 1;
    %delay 2, 0;
    %set/v v01141580_0, 1, 1;
    %delay 2, 0;
    %set/v v01141580_0, 1, 1;
    %delay 2, 0;
    %set/v v01141580_0, 0, 1;
    %delay 2, 0;
    %set/v v01141580_0, 1, 1;
    %delay 2, 0;
    %set/v v01141580_0, 1, 1;
    %delay 2, 0;
    %set/v v01141580_0, 0, 1;
    %delay 2, 0;
    %set/v v01141580_0, 1, 1;
    %delay 2, 0;
    %set/v v01141580_0, 0, 1;
    %delay 40, 0;
    %vpi_call 2 32 "$stop";
    %end;
    .thread T_4;
    .scope S_0114EC20;
T_5 ;
    %vpi_call 2 37 "$dumpfile", "dump.vcd";
    %vpi_call 2 38 "$dumpvars", 1'sb0;
    %end;
    .thread T_5;
# The file index is used to find the file name in the following table.
:file_names 4;
    "N/A";
    "<interactive>";
    "seq_tb.v";
    "seq.v";
