#! /c/iverilog/bin/vvp
:ivl_version "0.9.7 " "(v0_9_7)";
:vpi_time_precision + 0;
:vpi_module "system";
:vpi_module "v2005_math";
:vpi_module "va_math";
S_01213EF8 .scope module, "test" "test" 2 1;
 .timescale 0 0;
v01211680_0 .var "clk", 0 0;
v0121D6E0_0 .net "count", 7 0, v012115D0_0; 1 drivers
v0121D738_0 .var "init", 0 0;
S_01213F80 .scope module, "r" "register" 2 5, 3 4, S_01213EF8;
 .timescale 0 0;
v01211578_0 .net "clk", 0 0, v01211680_0; 1 drivers
v012115D0_0 .var "count", 7 0;
v01211628_0 .net "init", 0 0, v0121D738_0; 1 drivers
E_01214BA8 .event posedge, v01211578_0;
    .scope S_01213F80;
T_0 ;
    %wait E_01214BA8;
    %load/v 8, v01211628_0, 1;
    %jmp/0xz  T_0.0, 8;
    %movi 8, 129, 8;
    %set/v v012115D0_0, 8, 8;
    %jmp T_0.1;
T_0.0 ;
    %load/v 8, v012115D0_0, 8;
    %ix/load 0, 1, 0;
    %mov 4, 0, 1;
    %shiftl/i0  8, 8;
    %ix/load 0, 8, 0;
    %assign/v0 v012115D0_0, 0, 8;
    %ix/load 1, 7, 0;
    %mov 4, 0, 1;
    %jmp/1 T_0.2, 4;
    %load/x1p 8, v012115D0_0, 1;
    %jmp T_0.3;
T_0.2 ;
    %mov 8, 2, 1;
T_0.3 ;
; Save base=8 wid=1 in lookaside.
    %ix/load 0, 1, 0;
    %ix/load 1, 0, 0;
    %assign/v0/x1 v012115D0_0, 0, 8;
T_0.1 ;
    %jmp T_0;
    .thread T_0;
    .scope S_01213EF8;
T_1 ;
    %set/v v01211680_0, 1, 1;
T_1.0 ;
    %delay 5, 0;
    %load/v 8, v01211680_0, 1;
    %inv 8, 1;
    %set/v v01211680_0, 8, 1;
    %jmp T_1.0;
    %end;
    .thread T_1;
    .scope S_01213EF8;
T_2 ;
    %set/v v0121D738_0, 1, 1;
    %delay 10, 0;
    %set/v v0121D738_0, 0, 1;
    %end;
    .thread T_2;
    .scope S_01213EF8;
T_3 ;
    %vpi_call 2 19 "$monitor", $time, " ", "count=%b", v0121D6E0_0;
    %delay 50, 0;
    %vpi_call 2 20 "$finish";
    %end;
    .thread T_3;
# The file index is used to find the file name in the following table.
:file_names 4;
    "N/A";
    "<interactive>";
    "register_tb.v";
    "register.v";
