#! /c/iverilog/bin/vvp
:ivl_version "0.9.7 " "(v0_9_7)";
:vpi_time_precision + 0;
:vpi_module "system";
:vpi_module "v2005_math";
:vpi_module "va_math";
S_011682E0 .scope module, "testbench" "testbench" 2 1;
 .timescale 0 0;
v010A10D8_0 .var "a", 0 0;
v010A1340_0 .var "b", 0 0;
v010A15A8_0 .net "carry", 0 0, L_010A1AC8; 1 drivers
v010A12E8_0 .var "cin", 0 0;
v010A1550_0 .net "sum", 0 0, L_0116EE68; 1 drivers
S_011679D8 .scope module, "FA" "fulladder" 2 5, 3 1, S_011682E0;
 .timescale 0 0;
L_0116EDC0 .functor XOR 1, v010A10D8_0, v010A1340_0, C4<0>, C4<0>;
L_0116EE68 .functor XOR 1, L_0116EDC0, v010A12E8_0, C4<0>, C4<0>;
L_010A1908 .functor AND 1, v010A10D8_0, v010A1340_0, C4<1>, C4<1>;
L_010A1A90 .functor AND 1, v010A1340_0, v010A12E8_0, C4<1>, C4<1>;
L_010A1828 .functor OR 1, L_010A1908, L_010A1A90, C4<0>, C4<0>;
L_010A1A20 .functor AND 1, v010A12E8_0, v010A10D8_0, C4<1>, C4<1>;
L_010A1AC8 .functor OR 1, L_010A1828, L_010A1A20, C4<0>, C4<0>;
v010833B0_0 .net *"_s0", 0 0, L_0116EDC0; 1 drivers
v011614C0_0 .net *"_s10", 0 0, L_010A1A20; 1 drivers
v01161518_0 .net *"_s4", 0 0, L_010A1908; 1 drivers
v01161570_0 .net *"_s6", 0 0, L_010A1A90; 1 drivers
v011615C8_0 .net *"_s8", 0 0, L_010A1828; 1 drivers
v01163C20_0 .net "a", 0 0, v010A10D8_0; 1 drivers
v01163C78_0 .net "b", 0 0, v010A1340_0; 1 drivers
v01163CD0_0 .alias "carry", 0 0, v010A15A8_0;
v01163D28_0 .net "cin", 0 0, v010A12E8_0; 1 drivers
v0116ED68_0 .alias "sum", 0 0, v010A1550_0;
    .scope S_011682E0;
T_0 ;
    %set/v v010A10D8_0, 0, 1;
    %set/v v010A1340_0, 0, 1;
    %set/v v010A12E8_0, 0, 1;
    %end;
    .thread T_0;
    .scope S_011682E0;
T_1 ;
    %delay 10, 0;
    %set/v v010A10D8_0, 1, 1;
    %set/v v010A1340_0, 0, 1;
    %set/v v010A12E8_0, 0, 1;
    %delay 10, 0;
    %set/v v010A10D8_0, 1, 1;
    %set/v v010A1340_0, 1, 1;
    %set/v v010A12E8_0, 0, 1;
    %delay 10, 0;
    %set/v v010A10D8_0, 1, 1;
    %set/v v010A1340_0, 0, 1;
    %set/v v010A12E8_0, 1, 1;
    %delay 10, 0;
    %set/v v010A10D8_0, 1, 1;
    %set/v v010A1340_0, 1, 1;
    %set/v v010A12E8_0, 1, 1;
    %end;
    .thread T_1;
    .scope S_011682E0;
T_2 ;
    %vpi_call 2 20 "$monitor", $time, " ", "a=%b b=%b cin=%b sum=%b carry=%b", v010A10D8_0, v010A1340_0, v010A12E8_0, v010A1550_0, v010A15A8_0;
    %delay 60, 0;
    %vpi_call 2 21 "$finish";
    %end;
    .thread T_2;
# The file index is used to find the file name in the following table.
:file_names 4;
    "N/A";
    "<interactive>";
    "fulladder_tb.v";
    "fulladder.v";
