#! /c/iverilog/bin/vvp
:ivl_version "0.9.7 " "(v0_9_7)";
:vpi_time_precision + 0;
:vpi_module "system";
:vpi_module "v2005_math";
:vpi_module "va_math";
S_011D1608 .scope module, "SPI_Master" "SPI_Master" 2 1;
 .timescale 0 0;
v011D1690_0 .net "clk", 0 0, C4<z>; 0 drivers
v011DEBF8_0 .var "count", 2 0;
v011DEC50_0 .var "cs", 0 0;
v011DECA8_0 .net "miso", 0 0, C4<z>; 0 drivers
v011DED00_0 .var "mosi", 0 0;
v011DED58_0 .net "rst", 0 0, C4<z>; 0 drivers
v011DEDB0_0 .var "rx_data", 7 0;
v011DEE08_0 .var "sck", 0 0;
v011DEE60_0 .var "shift_en", 0 0;
v011DEEB8_0 .var "tx_data", 7 0;
E_011D8690 .event posedge, v011DED58_0, v011D1690_0;
    .scope S_011D1608;
T_0 ;
    %wait E_011D8690;
    %load/v 8, v011DED58_0, 1;
    %jmp/0xz  T_0.0, 8;
    %ix/load 0, 3, 0;
    %assign/v0 v011DEBF8_0, 0, 0;
    %ix/load 0, 1, 0;
    %assign/v0 v011DEC50_0, 0, 1;
    %ix/load 0, 1, 0;
    %assign/v0 v011DEE08_0, 0, 0;
    %ix/load 0, 1, 0;
    %assign/v0 v011DED00_0, 0, 0;
    %ix/load 0, 8, 0;
    %assign/v0 v011DEDB0_0, 0, 0;
    %ix/load 0, 1, 0;
    %assign/v0 v011DEE60_0, 0, 0;
    %jmp T_0.1;
T_0.0 ;
    %load/v 8, v011DEBF8_0, 3;
    %cmpi/u 8, 0, 3;
    %jmp/1 T_0.2, 6;
    %cmpi/u 8, 1, 3;
    %jmp/1 T_0.3, 6;
    %cmpi/u 8, 2, 3;
    %jmp/1 T_0.4, 6;
    %cmpi/u 8, 3, 3;
    %jmp/1 T_0.5, 6;
    %cmpi/u 8, 4, 3;
    %jmp/1 T_0.6, 6;
    %jmp T_0.7;
T_0.2 ;
    %load/v 8, v011DEC50_0, 1;
    %cmpi/u 8, 0, 1;
    %jmp/0xz  T_0.8, 4;
    %ix/load 0, 1, 0;
    %assign/v0 v011DEC50_0, 0, 1;
    %movi 8, 1, 3;
    %ix/load 0, 3, 0;
    %assign/v0 v011DEBF8_0, 0, 8;
T_0.8 ;
    %jmp T_0.7;
T_0.3 ;
    %ix/load 0, 1, 0;
    %assign/v0 v011DEC50_0, 0, 0;
    %ix/load 0, 1, 0;
    %assign/v0 v011DEE08_0, 0, 0;
    %ix/load 1, 7, 0;
    %mov 4, 0, 1;
    %jmp/1 T_0.10, 4;
    %load/x1p 8, v011DEEB8_0, 1;
    %jmp T_0.11;
T_0.10 ;
    %mov 8, 2, 1;
T_0.11 ;
; Save base=8 wid=1 in lookaside.
    %ix/load 0, 1, 0;
    %assign/v0 v011DED00_0, 0, 8;
    %ix/load 0, 1, 0;
    %assign/v0 v011DEE60_0, 0, 1;
    %movi 8, 2, 3;
    %ix/load 0, 3, 0;
    %assign/v0 v011DEBF8_0, 0, 8;
    %jmp T_0.7;
T_0.4 ;
    %ix/load 0, 1, 0;
    %assign/v0 v011DEE08_0, 0, 1;
    %load/v 8, v011DEEB8_0, 7; Only need 7 of 8 bits
; Save base=8 wid=7 in lookaside.
    %ix/load 0, 1, 0;
    %assign/v0 v011DED00_0, 0, 8;
    %movi 8, 3, 3;
    %ix/load 0, 3, 0;
    %assign/v0 v011DEBF8_0, 0, 8;
    %jmp T_0.7;
T_0.5 ;
    %ix/load 0, 1, 0;
    %assign/v0 v011DEE08_0, 0, 0;
    %load/v 8, v011DECA8_0, 1;
    %load/v 9, v011DEDB0_0, 7; Select 7 out of 8 bits
    %ix/load 0, 8, 0;
    %assign/v0 v011DEDB0_0, 0, 8;
    %movi 8, 4, 3;
    %ix/load 0, 3, 0;
    %assign/v0 v011DEBF8_0, 0, 8;
    %jmp T_0.7;
T_0.6 ;
    %ix/load 0, 1, 0;
    %assign/v0 v011DEC50_0, 0, 1;
    %ix/load 0, 1, 0;
    %assign/v0 v011DEE60_0, 0, 0;
    %ix/load 0, 3, 0;
    %assign/v0 v011DEBF8_0, 0, 0;
    %jmp T_0.7;
T_0.7 ;
T_0.1 ;
    %jmp T_0;
    .thread T_0;
# The file index is used to find the file name in the following table.
:file_names 3;
    "N/A";
    "<interactive>";
    "spi.v";
